Arguments: 
  C:\Program Files\nodejs\node.exe C:\Users\Julia\AppData\Roaming\npm\node_modules\yarn\bin\yarn.js build

PATH: 
  C:\Users\Julia\bin;C:\Program Files\Git\mingw64\bin;C:\Program Files\Git\usr\local\bin;C:\Program Files\Git\usr\bin;C:\Program Files\Git\usr\bin;C:\Program Files\Git\mingw64\bin;C:\Program Files\Git\usr\bin;C:\Users\Julia\bin;C:\Windows\system32;C:\Windows;C:\Windows\System32\Wbem;C:\Windows\System32\WindowsPowerShell\v1.0;C:\Windows\System32\OpenSSH;C:\Program Files (x86)\NVIDIA Corporation\PhysX\Common;C:\Program Files\NVIDIA Corporation\NVIDIA NvDLISR;C:\Program Files\nodejs;C:\Program Files\dotnet;C:\Users\Julia\AppData\Local\Microsoft\WindowsApps;C:\Users\Julia\AppData\Local\Programs\Microsoft VS Code\bin;C:\Users\Julia\AppData\Roaming\npm;C:\Program Files\Git\usr\bin\vendor_perl;C:\Program Files\Git\usr\bin\core_perl

Yarn version: 
  1.22.19

Node version: 
  18.12.1

Platform: 
  win32 x64

Trace: 
  Invariant Violation: Script must exist
      at invariant (C:\Users\Julia\AppData\Roaming\npm\node_modules\yarn\lib\cli.js:2318:15)
      at C:\Users\Julia\AppData\Roaming\npm\node_modules\yarn\lib\cli.js:61545:11
      at Generator.next (<anonymous>)
      at step (C:\Users\Julia\AppData\Roaming\npm\node_modules\yarn\lib\cli.js:310:30)
      at C:\Users\Julia\AppData\Roaming\npm\node_modules\yarn\lib\cli.js:328:14
      at new Promise (<anonymous>)
      at new F (C:\Users\Julia\AppData\Roaming\npm\node_modules\yarn\lib\cli.js:5305:28)
      at C:\Users\Julia\AppData\Roaming\npm\node_modules\yarn\lib\cli.js:307:12
      at realRunCommand (C:\Users\Julia\AppData\Roaming\npm\node_modules\yarn\lib\cli.js:61630:23)
      at action.action (C:\Users\Julia\AppData\Roaming\npm\node_modules\yarn\lib\cli.js:61691:16)

npm manifest: 
  {
    "name": "probando",
    "version": "1.0.0",
    "description": "",
    "main": "index.js",
    "scripts": {
      "test": "echo \"Error: no test specified\" && exit 1",
      "dev": "",
      "build": "",
      "start": ""
    },
    "repository": {
      "type": "git",
      "url": "git+https://github.com/lechuza2013/probandorender.git"
    },
    "author": "",
    "license": "ISC",
    "bugs": {
      "url": "https://github.com/lechuza2013/probandorender/issues"
    },
    "homepage": "https://github.com/lechuza2013/probandorender#readme",
    "dependencies": {
      "@types/node": "^18.11.18",
      "express": "^4.18.2"
    }
  }

yarn manifest: 
  No manifest

Lockfile: 
  No lockfile
